14:03:30.093 [main] INFO  dhl.leagueModel.PlayerTrainingCondition  - Complete the training.
14:03:30.097 [main] INFO  dhl.leagueModel.PlayerTrainingCondition  - Complete the training.
14:03:30.097 [main] INFO  dhl.leagueModel.PlayerTrainingCondition  - Complete the training.
14:03:30.097 [main] INFO  dhl.leagueModel.PlayerTrainingCondition  - Complete the training.
14:03:30.097 [main] INFO  dhl.leagueModel.PlayerTrainingCondition  - Complete the training.
14:03:30.098 [main] INFO  dhl.leagueModel.PlayerTrainingCondition  - Complete the training.
14:03:30.098 [main] INFO  dhl.leagueModel.PlayerTrainingCondition  - Complete the training.
14:03:30.098 [main] INFO  dhl.leagueModel.PlayerTrainingCondition  - Complete the training.
14:03:30.099 [main] INFO  dhl.leagueModel.PlayerTrainingCondition  - Complete the training.
14:03:30.099 [main] INFO  dhl.leagueModel.PlayerTrainingCondition  - Complete the training.
14:03:30.099 [main] INFO  dhl.leagueModel.PlayerTrainingCondition  - Complete the training.
14:03:30.099 [main] INFO  dhl.leagueModel.PlayerTrainingCondition  - Complete the training.
14:03:30.099 [main] INFO  dhl.leagueModel.PlayerTrainingCondition  - Complete the training.
14:03:30.099 [main] INFO  dhl.leagueModel.PlayerTrainingCondition  - Complete the training.
14:03:30.099 [main] INFO  dhl.leagueModel.PlayerTrainingCondition  - Complete the training.
14:03:30.099 [main] INFO  dhl.leagueModel.PlayerTrainingCondition  - Complete the training.
14:03:30.100 [main] INFO  dhl.leagueModel.PlayerTrainingCondition  - Complete the training.
14:03:30.100 [main] INFO  dhl.leagueModel.PlayerTrainingCondition  - Complete the training.
14:03:30.100 [main] INFO  dhl.leagueModel.PlayerTrainingCondition  - Complete the training.
14:03:30.100 [main] INFO  dhl.leagueModel.PlayerTrainingCondition  - Complete the training.
14:03:30.100 [main] INFO  dhl.leagueModel.PlayerTrainingCondition  - Complete the training.
14:03:30.100 [main] INFO  dhl.leagueModel.PlayerTrainingCondition  - Complete the training.
14:03:30.100 [main] INFO  dhl.leagueModel.PlayerTrainingCondition  - Complete the training.
14:03:30.100 [main] INFO  dhl.leagueModel.PlayerTrainingCondition  - Complete the training.
14:03:30.100 [main] INFO  dhl.leagueModel.PlayerTrainingCondition  - Complete the training.
14:03:30.100 [main] INFO  dhl.leagueModel.PlayerTrainingCondition  - Complete the training.
14:03:30.101 [main] INFO  dhl.leagueModel.PlayerTrainingCondition  - Complete the training.
14:03:30.101 [main] INFO  dhl.leagueModel.PlayerTrainingCondition  - Complete the training.
14:03:30.101 [main] INFO  dhl.leagueModel.PlayerTrainingCondition  - Complete the training.
14:03:30.101 [main] INFO  dhl.leagueModel.PlayerTrainingCondition  - Complete the training.
14:03:30.102 [main] INFO  dhl.leagueModel.PlayerTrainingCondition  - Complete the training.
14:03:30.102 [main] INFO  dhl.leagueModel.PlayerTrainingCondition  - Complete the training.
14:03:30.102 [main] INFO  dhl.leagueModel.PlayerTrainingCondition  - Complete the training.
14:03:30.102 [main] INFO  dhl.leagueModel.PlayerTrainingCondition  - Complete the training.
14:03:30.102 [main] INFO  dhl.leagueModel.PlayerTrainingCondition  - Complete the training.
14:03:30.103 [main] INFO  dhl.leagueModel.PlayerTrainingCondition  - Complete the training.
14:03:30.103 [main] INFO  dhl.leagueModel.PlayerTrainingCondition  - Complete the training.
14:03:30.103 [main] INFO  dhl.leagueModel.PlayerTrainingCondition  - Complete the training.
14:03:30.103 [main] INFO  dhl.leagueModel.PlayerTrainingCondition  - Complete the training.
14:03:30.103 [main] INFO  dhl.leagueModel.PlayerTrainingCondition  - Complete the training.
14:03:30.103 [main] INFO  dhl.leagueModel.PlayerTrainingCondition  - Complete the training.
14:03:30.103 [main] INFO  dhl.leagueModel.PlayerTrainingCondition  - Complete the training.
14:03:30.104 [main] INFO  dhl.leagueModel.PlayerTrainingCondition  - Complete the training.
14:03:30.104 [main] INFO  dhl.leagueModel.PlayerTrainingCondition  - Complete the training.
14:03:30.104 [main] INFO  dhl.leagueModel.PlayerTrainingCondition  - Complete the training.
14:03:30.104 [main] INFO  dhl.leagueModel.PlayerTrainingCondition  - Complete the training.
14:03:30.104 [main] INFO  dhl.leagueModel.PlayerTrainingCondition  - Complete the training.
14:03:30.104 [main] INFO  dhl.leagueModel.PlayerTrainingCondition  - Complete the training.
14:03:30.104 [main] INFO  dhl.leagueModel.PlayerTrainingCondition  - Complete the training.
14:03:50.871 [main] INFO  dhl.leagueModel.PlayerTrainingCondition  - Complete the training.
14:03:50.874 [main] INFO  dhl.leagueModel.PlayerTrainingCondition  - Complete the training.
15:32:23.254 [main] INFO  dhl.stateMachineNew.PlayerDraft  - Random players have been generated for player draft.
15:40:30.663 [main] INFO  dhl.stateMachineNew.PlayerDraft  - Random players have been generated for player draft.
15:43:50.505 [main] INFO  dhl.stateMachineNew.PlayerDraft  - Random players have been generated for player draft.
15:45:19.877 [main] INFO  dhl.stateMachineNew.PlayerDraft  - Random players have been generated for player draft.
15:47:09.665 [main] INFO  dhl.stateMachineNew.PlayerDraft  - Random players have been generated for player draft.
15:47:35.625 [main] INFO  dhl.stateMachineNew.PlayerDraft  - Player drafting is complete.
15:49:13.175 [main] INFO  dhl.leagueModel.Teams  - Offensive Teamhas been dropped down to 30 players.
15:49:16.363 [main] INFO  dhl.leagueModel.Teams  - Offensive Teamhas been dropped down to 30 players.
15:49:17.071 [main] INFO  dhl.leagueModel.Teams  - Offensive Teamhas been dropped down to 30 players.
15:50:11.767 [main] INFO  dhl.leagueModel.Teams  - Offensive Teamhas been dropped down to 30 players.
15:50:18.876 [main] INFO  dhl.leagueModel.Teams  - Offensive Teamhas been dropped down to 30 players.
15:50:20.991 [main] INFO  dhl.leagueModel.Teams  - Offensive Teamhas been dropped down to 30 players.
15:50:23.862 [main] INFO  dhl.leagueModel.Teams  - Offensive Teamhas been dropped down to 30 players.
15:50:23.863 [main] INFO  dhl.leagueModel.Teams  - Offensive Teamhas been dropped down to 30 players.
15:50:23.864 [main] INFO  dhl.leagueModel.Teams  - Offensive Teamhas been dropped down to 30 players.
15:50:23.864 [main] INFO  dhl.leagueModel.Teams  - Offensive Teamhas been dropped down to 30 players.
15:50:23.864 [main] INFO  dhl.leagueModel.Teams  - Offensive Teamhas been dropped down to 30 players.
15:50:23.864 [main] INFO  dhl.leagueModel.Teams  - Offensive Teamhas been dropped down to 30 players.
15:50:23.864 [main] INFO  dhl.leagueModel.Teams  - Offensive Teamhas been dropped down to 30 players.
15:50:23.865 [main] INFO  dhl.leagueModel.Teams  - Offensive Teamhas been dropped down to 30 players.
15:50:23.865 [main] INFO  dhl.leagueModel.Teams  - Offensive Teamhas been dropped down to 30 players.
15:50:23.865 [main] INFO  dhl.leagueModel.Teams  - Offensive Teamhas been dropped down to 30 players.
15:50:23.865 [main] INFO  dhl.leagueModel.Teams  - Offensive Teamhas been dropped down to 30 players.
15:50:23.865 [main] INFO  dhl.leagueModel.Teams  - Offensive Teamhas been dropped down to 30 players.
15:50:23.865 [main] INFO  dhl.leagueModel.Teams  - Offensive Teamhas been dropped down to 30 players.
15:50:23.865 [main] INFO  dhl.leagueModel.Teams  - Offensive Teamhas been dropped down to 30 players.
15:50:23.866 [main] INFO  dhl.leagueModel.Teams  - Offensive Teamhas been dropped down to 30 players.
15:50:23.866 [main] INFO  dhl.leagueModel.Teams  - Offensive Teamhas been dropped down to 30 players.
15:50:23.866 [main] INFO  dhl.leagueModel.Teams  - Offensive Teamhas been dropped down to 30 players.
15:50:23.866 [main] INFO  dhl.leagueModel.Teams  - Offensive Teamhas been dropped down to 30 players.
15:50:23.866 [main] INFO  dhl.leagueModel.Teams  - Offensive Teamhas been dropped down to 30 players.
15:50:23.866 [main] INFO  dhl.leagueModel.Teams  - Offensive Teamhas been dropped down to 30 players.
15:50:23.867 [main] INFO  dhl.leagueModel.Teams  - Offensive Teamhas been dropped down to 30 players.
15:50:23.867 [main] INFO  dhl.leagueModel.Teams  - Offensive Teamhas been dropped down to 30 players.
15:50:23.867 [main] INFO  dhl.leagueModel.Teams  - Offensive Teamhas been dropped down to 30 players.
15:50:23.867 [main] INFO  dhl.leagueModel.Teams  - Offensive Teamhas been dropped down to 30 players.
15:50:23.867 [main] INFO  dhl.leagueModel.Teams  - Offensive Teamhas been dropped down to 30 players.
15:50:23.876 [main] INFO  dhl.leagueModel.Teams  - Offensive Teamhas been dropped down to 30 players.
15:51:06.362 [main] INFO  dhl.stateMachineNew.PlayerDraft  - Random players have been generated for player draft.
15:51:06.435 [main] INFO  dhl.stateMachineNew.PlayerDraft  - Player drafting is complete.
15:51:12.599 [main] INFO  dhl.leagueModel.Teams  - Offensive Teamhas been dropped down to 30 players.
15:51:14.983 [main] INFO  dhl.leagueModel.Teams  - Offensive Teamhas been dropped down to 30 players.
15:51:16.592 [main] INFO  dhl.leagueModel.Teams  - Offensive Teamhas been dropped down to 30 players.
15:51:17.804 [main] INFO  dhl.leagueModel.Teams  - Offensive Teamhas been dropped down to 30 players.
15:51:18.900 [main] INFO  dhl.leagueModel.Teams  - Offensive Teamhas been dropped down to 30 players.
15:51:19.809 [main] INFO  dhl.leagueModel.Teams  - Offensive Teamhas been dropped down to 30 players.
15:51:20.730 [main] INFO  dhl.leagueModel.Teams  - Offensive Teamhas been dropped down to 30 players.
15:51:21.638 [main] INFO  dhl.leagueModel.Teams  - Offensive Teamhas been dropped down to 30 players.
15:51:22.560 [main] INFO  dhl.leagueModel.Teams  - Offensive Teamhas been dropped down to 30 players.
15:51:23.465 [main] INFO  dhl.leagueModel.Teams  - Offensive Teamhas been dropped down to 30 players.
15:51:26.260 [main] INFO  dhl.leagueModel.Teams  - Offensive Teamhas been dropped down to 30 players.
15:51:27.445 [main] INFO  dhl.leagueModel.Teams  - Offensive Teamhas been dropped down to 30 players.
15:51:28.318 [main] INFO  dhl.leagueModel.Teams  - Offensive Teamhas been dropped down to 30 players.
15:51:29.200 [main] INFO  dhl.leagueModel.Teams  - Offensive Teamhas been dropped down to 30 players.
15:51:30.116 [main] INFO  dhl.leagueModel.Teams  - Offensive Teamhas been dropped down to 30 players.
15:51:31.022 [main] INFO  dhl.leagueModel.Teams  - Offensive Teamhas been dropped down to 30 players.
15:51:31.910 [main] INFO  dhl.leagueModel.Teams  - Offensive Teamhas been dropped down to 30 players.
15:51:32.833 [main] INFO  dhl.leagueModel.Teams  - Offensive Teamhas been dropped down to 30 players.
15:51:33.777 [main] INFO  dhl.leagueModel.Teams  - Offensive Teamhas been dropped down to 30 players.
15:51:34.726 [main] INFO  dhl.leagueModel.Teams  - Offensive Teamhas been dropped down to 30 players.
15:51:35.709 [main] INFO  dhl.leagueModel.Teams  - Offensive Teamhas been dropped down to 30 players.
15:51:36.693 [main] INFO  dhl.leagueModel.Teams  - Offensive Teamhas been dropped down to 30 players.
15:51:37.672 [main] INFO  dhl.leagueModel.Teams  - Offensive Teamhas been dropped down to 30 players.
15:51:38.568 [main] INFO  dhl.leagueModel.Teams  - Offensive Teamhas been dropped down to 30 players.
15:51:39.520 [main] INFO  dhl.leagueModel.Teams  - Offensive Teamhas been dropped down to 30 players.
15:51:47.581 [main] INFO  dhl.leagueModel.Teams  - Offensive Teamhas been dropped down to 30 players.
15:51:47.581 [main] INFO  dhl.leagueModel.Teams  - Offensive Teamhas been dropped down to 30 players.
15:51:47.582 [main] INFO  dhl.leagueModel.Teams  - Offensive Teamhas been dropped down to 30 players.
15:51:47.583 [main] INFO  dhl.leagueModel.Teams  - Offensive Teamhas been dropped down to 30 players.
15:51:47.584 [main] INFO  dhl.leagueModel.Teams  - Offensive Teamhas been dropped down to 30 players.
15:51:47.585 [main] INFO  dhl.leagueModel.Teams  - Offensive Teamhas been dropped down to 30 players.
15:51:47.586 [main] INFO  dhl.leagueModel.Teams  - Offensive Teamhas been dropped down to 30 players.
16:02:33.178 [main] INFO  dhl.stateMachineNew.PlayerDraft  - Random players have been generated for player draft.
16:02:35.923 [main] INFO  dhl.stateMachineNew.PlayerDraft  - Player drafting is complete.
16:02:39.463 [main] INFO  dhl.leagueModel.Teams  - nullhas been dropped down to 30 players.
16:04:20.079 [main] INFO  dhl.leagueModel.Teams  - nullhas been dropped down to 30 players.
16:04:20.080 [main] INFO  dhl.leagueModel.Teams  - nullhas been dropped down to 30 players.
16:04:20.080 [main] INFO  dhl.leagueModel.Teams  - nullhas been dropped down to 30 players.
16:04:20.080 [main] INFO  dhl.leagueModel.Teams  - nullhas been dropped down to 30 players.
16:04:20.081 [main] INFO  dhl.leagueModel.Teams  - nullhas been dropped down to 30 players.
16:04:20.081 [main] INFO  dhl.leagueModel.Teams  - nullhas been dropped down to 30 players.
16:04:20.081 [main] INFO  dhl.leagueModel.Teams  - nullhas been dropped down to 30 players.
16:04:20.081 [main] INFO  dhl.leagueModel.Teams  - nullhas been dropped down to 30 players.
16:04:20.081 [main] INFO  dhl.leagueModel.Teams  - nullhas been dropped down to 30 players.
16:04:20.081 [main] INFO  dhl.leagueModel.Teams  - nullhas been dropped down to 30 players.
16:04:20.082 [main] INFO  dhl.leagueModel.Teams  - nullhas been dropped down to 30 players.
16:04:20.082 [main] INFO  dhl.leagueModel.Teams  - nullhas been dropped down to 30 players.
16:04:20.082 [main] INFO  dhl.leagueModel.Teams  - nullhas been dropped down to 30 players.
16:04:20.082 [main] INFO  dhl.leagueModel.Teams  - nullhas been dropped down to 30 players.
16:04:20.082 [main] INFO  dhl.leagueModel.Teams  - nullhas been dropped down to 30 players.
16:04:20.083 [main] INFO  dhl.leagueModel.Teams  - nullhas been dropped down to 30 players.
16:04:20.083 [main] INFO  dhl.leagueModel.Teams  - nullhas been dropped down to 30 players.
16:04:20.083 [main] INFO  dhl.leagueModel.Teams  - nullhas been dropped down to 30 players.
16:04:20.084 [main] INFO  dhl.leagueModel.Teams  - nullhas been dropped down to 30 players.
16:04:20.084 [main] INFO  dhl.leagueModel.Teams  - nullhas been dropped down to 30 players.
16:04:20.093 [main] INFO  dhl.leagueModel.Teams  - nullhas been dropped down to 30 players.
16:04:20.093 [main] INFO  dhl.leagueModel.Teams  - nullhas been dropped down to 30 players.
16:04:20.093 [main] INFO  dhl.leagueModel.Teams  - nullhas been dropped down to 30 players.
16:04:20.094 [main] INFO  dhl.leagueModel.Teams  - nullhas been dropped down to 30 players.
16:04:20.094 [main] INFO  dhl.leagueModel.Teams  - nullhas been dropped down to 30 players.
16:04:20.094 [main] INFO  dhl.leagueModel.Teams  - nullhas been dropped down to 30 players.
16:04:20.094 [main] INFO  dhl.leagueModel.Teams  - nullhas been dropped down to 30 players.
16:04:20.095 [main] INFO  dhl.leagueModel.Teams  - nullhas been dropped down to 30 players.
16:04:20.095 [main] INFO  dhl.leagueModel.Teams  - nullhas been dropped down to 30 players.
16:04:20.096 [main] INFO  dhl.leagueModel.Teams  - nullhas been dropped down to 30 players.
16:04:20.096 [main] INFO  dhl.leagueModel.Teams  - nullhas been dropped down to 30 players.
16:04:43.482 [main] INFO  dhl.stateMachineNew.PlayerDraft  - Random players have been generated for player draft.
16:04:44.827 [main] INFO  dhl.stateMachineNew.PlayerDraft  - Player drafting is complete.
16:04:46.089 [main] INFO  dhl.leagueModel.Teams  - nullhas been dropped down to 30 players.
16:04:53.485 [main] INFO  dhl.leagueModel.Teams  - nullhas been dropped down to 30 players.
16:04:54.262 [main] INFO  dhl.leagueModel.Teams  - nullhas been dropped down to 30 players.
16:04:58.718 [main] INFO  dhl.leagueModel.Teams  - nullhas been dropped down to 30 players.
16:04:58.719 [main] INFO  dhl.leagueModel.Teams  - nullhas been dropped down to 30 players.
16:04:58.719 [main] INFO  dhl.leagueModel.Teams  - nullhas been dropped down to 30 players.
16:04:58.720 [main] INFO  dhl.leagueModel.Teams  - nullhas been dropped down to 30 players.
16:04:58.721 [main] INFO  dhl.leagueModel.Teams  - nullhas been dropped down to 30 players.
16:04:58.722 [main] INFO  dhl.leagueModel.Teams  - nullhas been dropped down to 30 players.
16:04:58.722 [main] INFO  dhl.leagueModel.Teams  - nullhas been dropped down to 30 players.
16:04:58.723 [main] INFO  dhl.leagueModel.Teams  - nullhas been dropped down to 30 players.
16:04:58.724 [main] INFO  dhl.leagueModel.Teams  - nullhas been dropped down to 30 players.
16:04:58.725 [main] INFO  dhl.leagueModel.Teams  - nullhas been dropped down to 30 players.
16:04:58.726 [main] INFO  dhl.leagueModel.Teams  - nullhas been dropped down to 30 players.
16:04:58.727 [main] INFO  dhl.leagueModel.Teams  - nullhas been dropped down to 30 players.
16:04:58.727 [main] INFO  dhl.leagueModel.Teams  - nullhas been dropped down to 30 players.
16:04:58.728 [main] INFO  dhl.leagueModel.Teams  - nullhas been dropped down to 30 players.
16:04:58.729 [main] INFO  dhl.leagueModel.Teams  - nullhas been dropped down to 30 players.
16:04:58.730 [main] INFO  dhl.leagueModel.Teams  - nullhas been dropped down to 30 players.
16:04:58.731 [main] INFO  dhl.leagueModel.Teams  - nullhas been dropped down to 30 players.
16:04:58.732 [main] INFO  dhl.leagueModel.Teams  - nullhas been dropped down to 30 players.
16:04:58.733 [main] INFO  dhl.leagueModel.Teams  - nullhas been dropped down to 30 players.
16:04:58.733 [main] INFO  dhl.leagueModel.Teams  - nullhas been dropped down to 30 players.
16:04:58.742 [main] INFO  dhl.leagueModel.Teams  - nullhas been dropped down to 30 players.
16:04:58.743 [main] INFO  dhl.leagueModel.Teams  - nullhas been dropped down to 30 players.
16:04:58.743 [main] INFO  dhl.leagueModel.Teams  - nullhas been dropped down to 30 players.
16:04:58.744 [main] INFO  dhl.leagueModel.Teams  - nullhas been dropped down to 30 players.
16:04:58.745 [main] INFO  dhl.leagueModel.Teams  - nullhas been dropped down to 30 players.
16:04:58.746 [main] INFO  dhl.leagueModel.Teams  - nullhas been dropped down to 30 players.
16:04:58.747 [main] INFO  dhl.leagueModel.Teams  - nullhas been dropped down to 30 players.
16:04:58.748 [main] INFO  dhl.leagueModel.Teams  - nullhas been dropped down to 30 players.
16:04:58.749 [main] INFO  dhl.leagueModel.Teams  - nullhas been dropped down to 30 players.
16:28:39.653 [main] INFO  dhl.leagueModel.AllPlayers  - Zongming Page's strength is 27.0
16:28:39.656 [main] INFO  dhl.leagueModel.AllPlayers  - Prabhjot Smith's strength is 31.0
16:28:39.657 [main] INFO  dhl.leagueModel.AllPlayers  - Pat Chang's strength is 28.0
16:28:39.657 [main] INFO  dhl.leagueModel.AllPlayers  - Hardik Plant's strength is 13.0
16:28:39.657 [main] INFO  dhl.leagueModel.AllPlayers  - Hardik Morrison's strength is 27.0
16:28:39.657 [main] INFO  dhl.leagueModel.AllPlayers  - Prabhjot Page's strength is 41.0
16:28:39.657 [main] INFO  dhl.leagueModel.AllPlayers  - Nancy Burbchuk's strength is 13.0
16:28:39.657 [main] INFO  dhl.leagueModel.AllPlayers  - Fred Hendrix's strength is 22.0
16:28:39.657 [main] INFO  dhl.leagueModel.AllPlayers  - Tami Jones's strength is 24.0
16:28:39.657 [main] INFO  dhl.leagueModel.AllPlayers  - Roger Chang's strength is 16.0
16:28:39.657 [main] INFO  dhl.leagueModel.AllPlayers  - Abraham Singh's strength is 27.0
16:28:39.657 [main] INFO  dhl.leagueModel.AllPlayers  - Sai Burbchuk's strength is 28.0
16:28:39.657 [main] INFO  dhl.leagueModel.AllPlayers  - Rahul Liu's strength is 22.0
16:28:39.658 [main] INFO  dhl.leagueModel.AllPlayers  - Karan Marley's strength is 14.0
16:28:39.658 [main] INFO  dhl.leagueModel.AllPlayers  - Raghav Jones's strength is 23.0
16:28:39.658 [main] INFO  dhl.leagueModel.AllPlayers  - John Hendrix's strength is 30.0
16:28:39.658 [main] INFO  dhl.leagueModel.AllPlayers  - John Fei's strength is 34.0
16:28:39.658 [main] INFO  dhl.leagueModel.AllPlayers  - Jimmy Nelson's strength is 14.0
16:28:39.658 [main] INFO  dhl.leagueModel.AllPlayers  - Prashant Liu's strength is 25.0
16:28:39.658 [main] INFO  dhl.leagueModel.AllPlayers  - Tina Halen's strength is 29.0
16:28:39.659 [main] INFO  dhl.leagueModel.AllPlayers  - Zongming Page's strength is 27.0
16:28:39.659 [main] INFO  dhl.leagueModel.AllPlayers  - Prabhjot Smith's strength is 31.0
16:28:39.659 [main] INFO  dhl.leagueModel.AllPlayers  - Pat Chang's strength is 28.0
16:28:39.659 [main] INFO  dhl.leagueModel.AllPlayers  - Hardik Plant's strength is 13.0
16:28:39.659 [main] INFO  dhl.leagueModel.AllPlayers  - Hardik Morrison's strength is 27.0
16:28:39.660 [main] INFO  dhl.leagueModel.AllPlayers  - Prabhjot Page's strength is 41.0
16:28:39.660 [main] INFO  dhl.leagueModel.AllPlayers  - Nancy Burbchuk's strength is 13.0
16:28:39.660 [main] INFO  dhl.leagueModel.AllPlayers  - Fred Hendrix's strength is 22.0
16:28:39.660 [main] INFO  dhl.leagueModel.AllPlayers  - Tami Jones's strength is 24.0
16:28:39.660 [main] INFO  dhl.leagueModel.AllPlayers  - Roger Chang's strength is 16.0
16:28:39.660 [main] INFO  dhl.leagueModel.AllPlayers  - Abraham Singh's strength is 27.0
16:28:39.660 [main] INFO  dhl.leagueModel.AllPlayers  - Sai Burbchuk's strength is 28.0
16:28:39.660 [main] INFO  dhl.leagueModel.AllPlayers  - Rahul Liu's strength is 22.0
16:28:39.660 [main] INFO  dhl.leagueModel.AllPlayers  - Karan Marley's strength is 14.0
16:28:39.661 [main] INFO  dhl.leagueModel.AllPlayers  - Raghav Jones's strength is 23.0
16:28:39.661 [main] INFO  dhl.leagueModel.AllPlayers  - John Hendrix's strength is 30.0
16:28:39.661 [main] INFO  dhl.leagueModel.AllPlayers  - John Fei's strength is 34.0
16:28:39.661 [main] INFO  dhl.leagueModel.AllPlayers  - Jimmy Nelson's strength is 14.0
16:28:39.661 [main] INFO  dhl.leagueModel.AllPlayers  - Prashant Liu's strength is 25.0
16:28:39.662 [main] INFO  dhl.leagueModel.AllPlayers  - Tina Halen's strength is 29.0
16:28:39.662 [main] INFO  dhl.leagueModel.AllPlayers  - Prabhjot Smith's strength is 31.0
16:28:39.662 [main] INFO  dhl.leagueModel.AllPlayers  - Zongming Page's strength is 27.0
16:28:39.662 [main] INFO  dhl.leagueModel.AllPlayers  - Pat Chang's strength is 28.0
16:28:39.662 [main] INFO  dhl.leagueModel.AllPlayers  - Prabhjot Smith's strength is 31.0
16:28:39.663 [main] INFO  dhl.leagueModel.AllPlayers  - Pat Chang's strength is 28.0
16:28:39.663 [main] INFO  dhl.leagueModel.AllPlayers  - Prabhjot Smith's strength is 31.0
16:28:39.663 [main] INFO  dhl.leagueModel.AllPlayers  - Pat Chang's strength is 28.0
16:28:39.663 [main] INFO  dhl.leagueModel.AllPlayers  - Zongming Page's strength is 27.0
16:28:39.663 [main] INFO  dhl.leagueModel.AllPlayers  - Hardik Plant's strength is 13.0
16:28:39.663 [main] INFO  dhl.leagueModel.AllPlayers  - Pat Chang's strength is 28.0
16:28:39.663 [main] INFO  dhl.leagueModel.AllPlayers  - Hardik Plant's strength is 13.0
16:28:39.663 [main] INFO  dhl.leagueModel.AllPlayers  - Zongming Page's strength is 27.0
16:28:39.663 [main] INFO  dhl.leagueModel.AllPlayers  - Hardik Morrison's strength is 27.0
16:28:39.663 [main] INFO  dhl.leagueModel.AllPlayers  - Pat Chang's strength is 28.0
16:28:39.663 [main] INFO  dhl.leagueModel.AllPlayers  - Hardik Morrison's strength is 27.0
16:28:39.663 [main] INFO  dhl.leagueModel.AllPlayers  - Zongming Page's strength is 27.0
16:28:39.664 [main] INFO  dhl.leagueModel.AllPlayers  - Prabhjot Page's strength is 41.0
16:28:39.664 [main] INFO  dhl.leagueModel.AllPlayers  - Hardik Morrison's strength is 27.0
16:28:39.664 [main] INFO  dhl.leagueModel.AllPlayers  - Prabhjot Page's strength is 41.0
16:28:39.664 [main] INFO  dhl.leagueModel.AllPlayers  - Prabhjot Smith's strength is 31.0
16:28:39.664 [main] INFO  dhl.leagueModel.AllPlayers  - Nancy Burbchuk's strength is 13.0
16:28:39.664 [main] INFO  dhl.leagueModel.AllPlayers  - Pat Chang's strength is 28.0
16:28:39.664 [main] INFO  dhl.leagueModel.AllPlayers  - Nancy Burbchuk's strength is 13.0
16:28:39.664 [main] INFO  dhl.leagueModel.AllPlayers  - Zongming Page's strength is 27.0
16:28:39.664 [main] INFO  dhl.leagueModel.AllPlayers  - Nancy Burbchuk's strength is 13.0
16:28:39.664 [main] INFO  dhl.leagueModel.AllPlayers  - Hardik Plant's strength is 13.0
16:28:39.664 [main] INFO  dhl.leagueModel.AllPlayers  - Fred Hendrix's strength is 22.0
16:28:39.665 [main] INFO  dhl.leagueModel.AllPlayers  - Hardik Morrison's strength is 27.0
16:28:39.665 [main] INFO  dhl.leagueModel.AllPlayers  - Fred Hendrix's strength is 22.0
16:28:39.665 [main] INFO  dhl.leagueModel.AllPlayers  - Nancy Burbchuk's strength is 13.0
16:28:39.665 [main] INFO  dhl.leagueModel.AllPlayers  - Fred Hendrix's strength is 22.0
16:28:39.665 [main] INFO  dhl.leagueModel.AllPlayers  - Zongming Page's strength is 27.0
16:28:39.665 [main] INFO  dhl.leagueModel.AllPlayers  - Tami Jones's strength is 24.0
16:28:39.665 [main] INFO  dhl.leagueModel.AllPlayers  - Hardik Morrison's strength is 27.0
16:28:39.665 [main] INFO  dhl.leagueModel.AllPlayers  - Tami Jones's strength is 24.0
16:28:39.665 [main] INFO  dhl.leagueModel.AllPlayers  - Fred Hendrix's strength is 22.0
16:28:39.665 [main] INFO  dhl.leagueModel.AllPlayers  - Tami Jones's strength is 24.0
16:28:39.665 [main] INFO  dhl.leagueModel.AllPlayers  - Zongming Page's strength is 27.0
16:28:39.665 [main] INFO  dhl.leagueModel.AllPlayers  - Roger Chang's strength is 16.0
16:28:39.666 [main] INFO  dhl.leagueModel.AllPlayers  - Zongming Page's strength is 27.0
16:28:39.666 [main] INFO  dhl.leagueModel.AllPlayers  - Roger Chang's strength is 16.0
16:28:39.666 [main] INFO  dhl.leagueModel.AllPlayers  - Fred Hendrix's strength is 22.0
16:28:39.666 [main] INFO  dhl.leagueModel.AllPlayers  - Roger Chang's strength is 16.0
16:28:39.666 [main] INFO  dhl.leagueModel.AllPlayers  - Nancy Burbchuk's strength is 13.0
16:28:39.666 [main] INFO  dhl.leagueModel.AllPlayers  - Abraham Singh's strength is 27.0
16:28:39.666 [main] INFO  dhl.leagueModel.AllPlayers  - Zongming Page's strength is 27.0
16:28:39.666 [main] INFO  dhl.leagueModel.AllPlayers  - Abraham Singh's strength is 27.0
16:28:39.666 [main] INFO  dhl.leagueModel.AllPlayers  - Prabhjot Smith's strength is 31.0
16:28:39.666 [main] INFO  dhl.leagueModel.AllPlayers  - Abraham Singh's strength is 27.0
16:28:39.666 [main] INFO  dhl.leagueModel.AllPlayers  - Pat Chang's strength is 28.0
16:28:39.666 [main] INFO  dhl.leagueModel.AllPlayers  - Abraham Singh's strength is 27.0
16:28:39.666 [main] INFO  dhl.leagueModel.AllPlayers  - Hardik Morrison's strength is 27.0
16:28:39.666 [main] INFO  dhl.leagueModel.AllPlayers  - Sai Burbchuk's strength is 28.0
16:28:39.667 [main] INFO  dhl.leagueModel.AllPlayers  - Zongming Page's strength is 27.0
16:28:39.667 [main] INFO  dhl.leagueModel.AllPlayers  - Sai Burbchuk's strength is 28.0
16:28:39.667 [main] INFO  dhl.leagueModel.AllPlayers  - Pat Chang's strength is 28.0
16:28:39.667 [main] INFO  dhl.leagueModel.AllPlayers  - Sai Burbchuk's strength is 28.0
16:28:39.667 [main] INFO  dhl.leagueModel.AllPlayers  - Prabhjot Page's strength is 41.0
16:28:39.667 [main] INFO  dhl.leagueModel.AllPlayers  - Sai Burbchuk's strength is 28.0
16:28:39.667 [main] INFO  dhl.leagueModel.AllPlayers  - Prabhjot Smith's strength is 31.0
16:28:39.667 [main] INFO  dhl.leagueModel.AllPlayers  - Rahul Liu's strength is 22.0
16:28:39.667 [main] INFO  dhl.leagueModel.AllPlayers  - Hardik Morrison's strength is 27.0
16:28:39.667 [main] INFO  dhl.leagueModel.AllPlayers  - Rahul Liu's strength is 22.0
16:28:39.667 [main] INFO  dhl.leagueModel.AllPlayers  - Fred Hendrix's strength is 22.0
16:28:39.667 [main] INFO  dhl.leagueModel.AllPlayers  - Rahul Liu's strength is 22.0
16:28:39.667 [main] INFO  dhl.leagueModel.AllPlayers  - Zongming Page's strength is 27.0
16:28:39.667 [main] INFO  dhl.leagueModel.AllPlayers  - Rahul Liu's strength is 22.0
16:28:39.668 [main] INFO  dhl.leagueModel.AllPlayers  - Tami Jones's strength is 24.0
16:28:39.668 [main] INFO  dhl.leagueModel.AllPlayers  - Karan Marley's strength is 14.0
16:28:39.668 [main] INFO  dhl.leagueModel.AllPlayers  - Zongming Page's strength is 27.0
16:28:39.668 [main] INFO  dhl.leagueModel.AllPlayers  - Karan Marley's strength is 14.0
16:28:39.668 [main] INFO  dhl.leagueModel.AllPlayers  - Fred Hendrix's strength is 22.0
16:28:39.668 [main] INFO  dhl.leagueModel.AllPlayers  - Karan Marley's strength is 14.0
16:28:39.668 [main] INFO  dhl.leagueModel.AllPlayers  - Nancy Burbchuk's strength is 13.0
16:28:39.668 [main] INFO  dhl.leagueModel.AllPlayers  - Karan Marley's strength is 14.0
16:28:39.668 [main] INFO  dhl.leagueModel.AllPlayers  - Roger Chang's strength is 16.0
16:28:39.668 [main] INFO  dhl.leagueModel.AllPlayers  - Raghav Jones's strength is 23.0
16:28:39.668 [main] INFO  dhl.leagueModel.AllPlayers  - Zongming Page's strength is 27.0
16:28:39.668 [main] INFO  dhl.leagueModel.AllPlayers  - Raghav Jones's strength is 23.0
16:28:39.668 [main] INFO  dhl.leagueModel.AllPlayers  - Roger Chang's strength is 16.0
16:28:39.669 [main] INFO  dhl.leagueModel.AllPlayers  - Raghav Jones's strength is 23.0
16:28:39.669 [main] INFO  dhl.leagueModel.AllPlayers  - Rahul Liu's strength is 22.0
16:28:39.669 [main] INFO  dhl.leagueModel.AllPlayers  - Raghav Jones's strength is 23.0
16:28:39.669 [main] INFO  dhl.leagueModel.AllPlayers  - Tami Jones's strength is 24.0
16:28:39.669 [main] INFO  dhl.leagueModel.AllPlayers  - John Hendrix's strength is 30.0
16:28:39.669 [main] INFO  dhl.leagueModel.AllPlayers  - Tami Jones's strength is 24.0
16:28:39.669 [main] INFO  dhl.leagueModel.AllPlayers  - John Hendrix's strength is 30.0
16:28:39.669 [main] INFO  dhl.leagueModel.AllPlayers  - Pat Chang's strength is 28.0
16:28:39.669 [main] INFO  dhl.leagueModel.AllPlayers  - John Hendrix's strength is 30.0
16:28:39.669 [main] INFO  dhl.leagueModel.AllPlayers  - Prabhjot Smith's strength is 31.0
16:28:39.669 [main] INFO  dhl.leagueModel.AllPlayers  - John Hendrix's strength is 30.0
16:28:39.670 [main] INFO  dhl.leagueModel.AllPlayers  - Sai Burbchuk's strength is 28.0
16:28:39.670 [main] INFO  dhl.leagueModel.AllPlayers  - John Fei's strength is 34.0
16:28:39.670 [main] INFO  dhl.leagueModel.AllPlayers  - Zongming Page's strength is 27.0
16:28:39.670 [main] INFO  dhl.leagueModel.AllPlayers  - John Fei's strength is 34.0
16:28:39.670 [main] INFO  dhl.leagueModel.AllPlayers  - Sai Burbchuk's strength is 28.0
16:28:39.670 [main] INFO  dhl.leagueModel.AllPlayers  - John Fei's strength is 34.0
16:28:39.671 [main] INFO  dhl.leagueModel.AllPlayers  - Prabhjot Smith's strength is 31.0
16:28:39.671 [main] INFO  dhl.leagueModel.AllPlayers  - John Fei's strength is 34.0
16:28:39.671 [main] INFO  dhl.leagueModel.AllPlayers  - Prabhjot Page's strength is 41.0
16:28:39.671 [main] INFO  dhl.leagueModel.AllPlayers  - Jimmy Nelson's strength is 14.0
16:28:39.671 [main] INFO  dhl.leagueModel.AllPlayers  - Zongming Page's strength is 27.0
16:28:39.671 [main] INFO  dhl.leagueModel.AllPlayers  - Jimmy Nelson's strength is 14.0
16:28:39.671 [main] INFO  dhl.leagueModel.AllPlayers  - Fred Hendrix's strength is 22.0
16:28:39.671 [main] INFO  dhl.leagueModel.AllPlayers  - Jimmy Nelson's strength is 14.0
16:28:39.671 [main] INFO  dhl.leagueModel.AllPlayers  - Karan Marley's strength is 14.0
16:28:39.671 [main] INFO  dhl.leagueModel.AllPlayers  - Jimmy Nelson's strength is 14.0
16:28:39.671 [main] INFO  dhl.leagueModel.AllPlayers  - Roger Chang's strength is 16.0
16:28:39.672 [main] INFO  dhl.leagueModel.AllPlayers  - Prashant Liu's strength is 25.0
16:28:39.672 [main] INFO  dhl.leagueModel.AllPlayers  - Zongming Page's strength is 27.0
16:28:39.672 [main] INFO  dhl.leagueModel.AllPlayers  - Prashant Liu's strength is 25.0
16:28:39.672 [main] INFO  dhl.leagueModel.AllPlayers  - Roger Chang's strength is 16.0
16:28:39.672 [main] INFO  dhl.leagueModel.AllPlayers  - Prashant Liu's strength is 25.0
16:28:39.672 [main] INFO  dhl.leagueModel.AllPlayers  - Raghav Jones's strength is 23.0
16:28:39.672 [main] INFO  dhl.leagueModel.AllPlayers  - Prashant Liu's strength is 25.0
16:28:39.672 [main] INFO  dhl.leagueModel.AllPlayers  - Tami Jones's strength is 24.0
16:28:39.672 [main] INFO  dhl.leagueModel.AllPlayers  - Tina Halen's strength is 29.0
16:28:39.672 [main] INFO  dhl.leagueModel.AllPlayers  - Prashant Liu's strength is 25.0
16:28:39.672 [main] INFO  dhl.leagueModel.AllPlayers  - Tina Halen's strength is 29.0
16:28:39.672 [main] INFO  dhl.leagueModel.AllPlayers  - Sai Burbchuk's strength is 28.0
16:28:39.672 [main] INFO  dhl.leagueModel.AllPlayers  - Tina Halen's strength is 29.0
16:28:39.672 [main] INFO  dhl.leagueModel.AllPlayers  - John Fei's strength is 34.0
16:28:39.673 [main] INFO  dhl.leagueModel.AllPlayers  - Tina Halen's strength is 29.0
16:28:39.673 [main] INFO  dhl.leagueModel.AllPlayers  - Prabhjot Smith's strength is 31.0
16:28:39.673 [main] INFO  dhl.leagueModel.AllPlayers  - Tina Halen's strength is 29.0
16:28:39.673 [main] INFO  dhl.leagueModel.AllPlayers  - John Hendrix's strength is 30.0
16:28:39.828 [main] INFO  dhl.leagueModel.PlayerTrainingCondition  - Complete the training.
16:28:39.828 [main] INFO  dhl.leagueModel.PlayerTrainingCondition  - Complete the training.
16:28:39.828 [main] INFO  dhl.leagueModel.PlayerTrainingCondition  - Complete the training.
16:28:39.828 [main] INFO  dhl.leagueModel.PlayerTrainingCondition  - Complete the training.
16:28:39.828 [main] INFO  dhl.leagueModel.PlayerTrainingCondition  - Complete the training.
16:28:39.828 [main] INFO  dhl.leagueModel.PlayerTrainingCondition  - Complete the training.
16:28:39.829 [main] INFO  dhl.leagueModel.PlayerTrainingCondition  - Complete the training.
16:28:39.829 [main] INFO  dhl.leagueModel.PlayerTrainingCondition  - Complete the training.
16:28:39.829 [main] INFO  dhl.leagueModel.PlayerTrainingCondition  - Complete the training.
16:28:39.829 [main] INFO  dhl.leagueModel.PlayerTrainingCondition  - Complete the training.
16:28:39.829 [main] INFO  dhl.leagueModel.PlayerTrainingCondition  - Complete the training.
16:28:39.829 [main] INFO  dhl.leagueModel.PlayerTrainingCondition  - Complete the training.
16:28:39.829 [main] INFO  dhl.leagueModel.PlayerTrainingCondition  - Complete the training.
16:28:39.829 [main] INFO  dhl.leagueModel.PlayerTrainingCondition  - Complete the training.
16:28:39.829 [main] INFO  dhl.leagueModel.PlayerTrainingCondition  - Complete the training.
16:28:39.829 [main] INFO  dhl.leagueModel.PlayerTrainingCondition  - Complete the training.
16:28:39.829 [main] INFO  dhl.leagueModel.PlayerTrainingCondition  - Complete the training.
16:28:39.829 [main] INFO  dhl.leagueModel.PlayerTrainingCondition  - Complete the training.
16:28:39.829 [main] INFO  dhl.leagueModel.PlayerTrainingCondition  - Complete the training.
16:28:39.830 [main] INFO  dhl.leagueModel.PlayerTrainingCondition  - Complete the training.
16:28:39.830 [main] INFO  dhl.leagueModel.PlayerTrainingCondition  - Complete the training.
16:28:39.830 [main] INFO  dhl.leagueModel.PlayerTrainingCondition  - Complete the training.
16:28:39.830 [main] INFO  dhl.leagueModel.PlayerTrainingCondition  - Complete the training.
16:28:39.830 [main] INFO  dhl.leagueModel.PlayerTrainingCondition  - Complete the training.
16:28:39.830 [main] INFO  dhl.leagueModel.PlayerTrainingCondition  - Complete the training.
16:28:39.830 [main] INFO  dhl.leagueModel.PlayerTrainingCondition  - Complete the training.
16:28:39.830 [main] INFO  dhl.leagueModel.PlayerTrainingCondition  - Complete the training.
16:28:39.830 [main] INFO  dhl.leagueModel.PlayerTrainingCondition  - Complete the training.
16:28:39.830 [main] INFO  dhl.leagueModel.PlayerTrainingCondition  - Complete the training.
16:28:39.830 [main] INFO  dhl.leagueModel.PlayerTrainingCondition  - Complete the training.
16:28:39.830 [main] INFO  dhl.leagueModel.PlayerTrainingCondition  - Complete the training.
16:28:39.830 [main] INFO  dhl.leagueModel.PlayerTrainingCondition  - Complete the training.
16:28:39.831 [main] INFO  dhl.leagueModel.PlayerTrainingCondition  - Complete the training.
16:28:39.831 [main] INFO  dhl.leagueModel.PlayerTrainingCondition  - Complete the training.
16:28:39.831 [main] INFO  dhl.leagueModel.PlayerTrainingCondition  - Complete the training.
16:28:39.831 [main] INFO  dhl.leagueModel.PlayerTrainingCondition  - Complete the training.
16:28:39.831 [main] INFO  dhl.leagueModel.PlayerTrainingCondition  - Complete the training.
16:28:39.831 [main] INFO  dhl.leagueModel.PlayerTrainingCondition  - Complete the training.
16:28:39.831 [main] INFO  dhl.leagueModel.PlayerTrainingCondition  - Complete the training.
16:28:39.831 [main] INFO  dhl.leagueModel.PlayerTrainingCondition  - Complete the training.
16:28:39.831 [main] INFO  dhl.leagueModel.PlayerTrainingCondition  - Complete the training.
16:28:39.831 [main] INFO  dhl.leagueModel.PlayerTrainingCondition  - Complete the training.
16:28:39.831 [main] INFO  dhl.leagueModel.PlayerTrainingCondition  - Complete the training.
16:28:39.831 [main] INFO  dhl.leagueModel.PlayerTrainingCondition  - Complete the training.
16:28:39.831 [main] INFO  dhl.leagueModel.PlayerTrainingCondition  - Complete the training.
16:28:39.831 [main] INFO  dhl.leagueModel.PlayerTrainingCondition  - Complete the training.
16:28:39.832 [main] INFO  dhl.leagueModel.PlayerTrainingCondition  - Complete the training.
16:28:39.832 [main] INFO  dhl.leagueModel.PlayerTrainingCondition  - Complete the training.
16:28:39.832 [main] INFO  dhl.leagueModel.PlayerTrainingCondition  - Complete the training.
16:28:39.832 [main] INFO  dhl.leagueModel.PlayerTrainingCondition  - Complete the training.
16:28:39.832 [main] INFO  dhl.leagueModel.PlayerTrainingCondition  - Complete the training.
16:28:39.832 [main] INFO  dhl.leagueModel.PlayerTrainingCondition  - Complete the training.
16:28:39.832 [main] INFO  dhl.leagueModel.PlayerTrainingCondition  - Complete the training.
16:28:39.832 [main] INFO  dhl.leagueModel.PlayerTrainingCondition  - Complete the training.
16:28:39.832 [main] INFO  dhl.leagueModel.PlayerTrainingCondition  - Complete the training.
16:28:39.832 [main] INFO  dhl.leagueModel.PlayerTrainingCondition  - Complete the training.
16:28:39.832 [main] INFO  dhl.leagueModel.PlayerTrainingCondition  - Complete the training.
16:28:39.832 [main] INFO  dhl.leagueModel.PlayerTrainingCondition  - Complete the training.
16:28:39.832 [main] INFO  dhl.leagueModel.PlayerTrainingCondition  - Complete the training.
16:28:39.833 [main] INFO  dhl.leagueModel.PlayerTrainingCondition  - Complete the training.
16:28:39.833 [main] INFO  dhl.leagueModel.PlayerTrainingCondition  - Complete the training.
16:28:39.833 [main] INFO  dhl.leagueModel.PlayerTrainingCondition  - Complete the training.
16:28:39.833 [main] INFO  dhl.leagueModel.PlayerTrainingCondition  - Complete the training.
16:28:39.833 [main] INFO  dhl.leagueModel.PlayerTrainingCondition  - Complete the training.
16:28:39.833 [main] INFO  dhl.leagueModel.PlayerTrainingCondition  - Complete the training.
16:28:39.833 [main] INFO  dhl.leagueModel.PlayerTrainingCondition  - Complete the training.
16:28:39.833 [main] INFO  dhl.leagueModel.PlayerTrainingCondition  - Complete the training.
16:28:39.833 [main] INFO  dhl.leagueModel.PlayerTrainingCondition  - Complete the training.
16:28:39.833 [main] INFO  dhl.leagueModel.PlayerTrainingCondition  - Complete the training.
16:28:39.833 [main] INFO  dhl.leagueModel.PlayerTrainingCondition  - Complete the training.
16:28:39.833 [main] INFO  dhl.leagueModel.PlayerTrainingCondition  - Complete the training.
16:28:39.833 [main] INFO  dhl.leagueModel.AllPlayers  - Player1 is injured for 0 days.
16:28:39.833 [main] INFO  dhl.leagueModel.AllPlayers  - Player1is already injured. He still needs 0to recover.
16:28:39.834 [main] INFO  dhl.leagueModel.PlayerTrainingCondition  - Complete the training.
16:28:39.998 [main] INFO  dhl.stateMachineNew.PlayerDraft  - Random players have been generated for player draft.
16:28:40.015 [main] INFO  dhl.leagueModel.Division  - Add Team2 to division.
16:28:40.019 [main] INFO  dhl.leagueModel.Division  - Add Random1 to division.
16:28:40.194 [main] INFO  dhl.leagueModel.AllPlayers  - Player3 is aged by 50 days.
16:28:40.197 [main] INFO  dhl.leagueModel.AllPlayers  - Player1 is aged by 25 days.
16:28:40.197 [main] INFO  dhl.leagueModel.AllPlayers  - Player1 is injured for 99 days.
16:28:40.199 [main] INFO  dhl.leagueModel.AllPlayers  - Player4's stats has been decreased by one due to stats decay on birthday.
16:28:40.209 [main] INFO  dhl.leagueModel.AllPlayers  - Player1 is retired.
16:28:40.214 [main] INFO  dhl.leagueModel.AllPlayers  - FreeAgent3's strength is 47.0
16:28:40.214 [main] INFO  dhl.leagueModel.AllPlayers  - FreeAgent3's strength is 47.0
16:28:40.214 [main] INFO  dhl.leagueModel.AllPlayers  - FreeAgent3's strength is 47.0
